\BOOKMARK [0][-]{chapter*.2}{Advertencia}{}% 1
\BOOKMARK [0][-]{chapter*.3}{Resumen}{}% 2
\BOOKMARK [0][-]{chapter.1}{Metodolog\355a}{}% 3
\BOOKMARK [1][-]{section.1.1}{Contexto}{chapter.1}% 4
\BOOKMARK [1][-]{section.1.2}{Objetivos}{chapter.1}% 5
\BOOKMARK [2][-]{subsection.1.2.1}{General}{section.1.2}% 6
\BOOKMARK [2][-]{subsection.1.2.2}{Particulares}{section.1.2}% 7
\BOOKMARK [1][-]{section.1.3}{Justificaci\363n}{chapter.1}% 8
\BOOKMARK [2][-]{subsection.1.3.1}{Problema}{section.1.3}% 9
\BOOKMARK [2][-]{subsection.1.3.2}{Propuesta}{section.1.3}% 10
\BOOKMARK [0][-]{chapter.2}{Estado del arte}{}% 11
\BOOKMARK [1][-]{section.2.1}{Sistemas comerciales}{chapter.2}% 12
\BOOKMARK [2][-]{subsection.2.1.1}{Control de pacientes \(Beta\)}{section.2.1}% 13
\BOOKMARK [2][-]{subsection.2.1.2}{Insight}{section.2.1}% 14
\BOOKMARK [2][-]{subsection.2.1.3}{jclic}{section.2.1}% 15
\BOOKMARK [0][-]{chapter.3}{Marco te\363rico}{}% 16
\BOOKMARK [1][-]{section.3.1}{\277Qu\351 es la psicologia?}{chapter.3}% 17
\BOOKMARK [1][-]{section.3.2}{\277Qu\351 es un expediente?}{chapter.3}% 18
\BOOKMARK [1][-]{section.3.3}{Expediente psicol\363gico}{chapter.3}% 19
\BOOKMARK [1][-]{section.3.4}{\277Qu\351 es una prueba psicol\363gica?}{chapter.3}% 20
\BOOKMARK [1][-]{section.3.5}{\277Qu\351 es una prueba proyectiva?}{chapter.3}% 21
\BOOKMARK [1][-]{section.3.6}{Prueba Proyectiva HTP}{chapter.3}% 22
\BOOKMARK [1][-]{section.3.7}{\277Qu\351 es un sistema?}{chapter.3}% 23
\BOOKMARK [1][-]{section.3.8}{\277Qu\351 es un dispositivo m\363vil?}{chapter.3}% 24
\BOOKMARK [2][-]{subsection.3.8.1}{Tableta}{section.3.8}% 25
\BOOKMARK [1][-]{section.3.9}{Arquitectura Cliente-Servidor}{chapter.3}% 26
\BOOKMARK [2][-]{subsection.3.9.1}{Cliente}{section.3.9}% 27
\BOOKMARK [2][-]{subsection.3.9.2}{Servidor}{section.3.9}% 28
\BOOKMARK [1][-]{section.3.10}{Patrones de dise\361o}{chapter.3}% 29
\BOOKMARK [2][-]{subsection.3.10.1}{Patr\363n de dise\361o Modelo Vista Controlador \(MVC\)}{section.3.10}% 30
\BOOKMARK [3][-]{subsubsection.3.10.1.1}{Modelo}{subsection.3.10.1}% 31
\BOOKMARK [3][-]{subsubsection.3.10.1.2}{Vista}{subsection.3.10.1}% 32
\BOOKMARK [3][-]{subsubsection.3.10.1.3}{Controlador}{subsection.3.10.1}% 33
\BOOKMARK [1][-]{section.3.11}{Tecnolog\355as}{chapter.3}% 34
\BOOKMARK [2][-]{subsection.3.11.1}{iOS}{section.3.11}% 35
\BOOKMARK [2][-]{subsection.3.11.2}{Swift}{section.3.11}% 36
\BOOKMARK [2][-]{subsection.3.11.3}{Xcode}{section.3.11}% 37
\BOOKMARK [2][-]{subsection.3.11.4}{Firebase}{section.3.11}% 38
\BOOKMARK [1][-]{section.3.12}{Metodolog\355a}{chapter.3}% 39
\BOOKMARK [2][-]{subsection.3.12.1}{SCRUM}{section.3.12}% 40
\BOOKMARK [0][-]{chapter.4}{Sistema para la aplicaci\363n de la prueba proyectiva gr\341fica HTP en apoyo a psic\363logos}{}% 41
\BOOKMARK [1][-]{section.4.1}{Descripci\363n del sistema}{chapter.4}% 42
\BOOKMARK [2][-]{subsection.4.1.1}{Diagrama del proceso}{section.4.1}% 43
\BOOKMARK [2][-]{subsection.4.1.2}{Diagrama del proceso por secciones}{section.4.1}% 44
\BOOKMARK [1][-]{section.4.2}{Arquitectura del sistema}{chapter.4}% 45
\BOOKMARK [1][-]{section.4.3}{Definici\363n de m\363dulos}{chapter.4}% 46
\BOOKMARK [2][-]{subsection.4.3.1}{Administrador de autenticaci\363n de usuarios}{section.4.3}% 47
\BOOKMARK [2][-]{subsection.4.3.2}{Gestor de usuarios}{section.4.3}% 48
\BOOKMARK [2][-]{subsection.4.3.3}{Gestor de pacientes}{section.4.3}% 49
\BOOKMARK [2][-]{subsection.4.3.4}{Gestor de cuestionarios}{section.4.3}% 50
\BOOKMARK [2][-]{subsection.4.3.5}{Gestor de pruebas proyectivas}{section.4.3}% 51
\BOOKMARK [2][-]{subsection.4.3.6}{Gestor de reportes}{section.4.3}% 52
\BOOKMARK [1][-]{section.4.4}{Caracter\355sticas del sistema}{chapter.4}% 53
\BOOKMARK [2][-]{subsection.4.4.1}{Limitaciones del sistema}{section.4.4}% 54
\BOOKMARK [1][-]{section.4.5}{Estudio de viabilidad}{chapter.4}% 55
\BOOKMARK [2][-]{subsection.4.5.1}{T\351cnica}{section.4.5}% 56
\BOOKMARK [2][-]{subsection.4.5.2}{Legal}{section.4.5}% 57
\BOOKMARK [0][-]{chapter.5}{An\341lisis}{}% 58
\BOOKMARK [1][-]{section.5.1}{Requerimientos}{chapter.5}% 59
\BOOKMARK [2][-]{subsection.5.1.1}{Requerimientos funcionales}{section.5.1}% 60
\BOOKMARK [2][-]{subsection.5.1.2}{Requerimientos no funcionales}{section.5.1}% 61
\BOOKMARK [1][-]{section.5.2}{Modelado del sistema}{chapter.5}% 62
\BOOKMARK [2][-]{subsection.5.2.1}{Descripci\363n de atributos}{section.5.2}% 63
\BOOKMARK [2][-]{subsection.5.2.2}{Reglas de negocio}{section.5.2}% 64
\BOOKMARK [2][-]{subsection.5.2.3}{Mensajes}{section.5.2}% 65
\BOOKMARK [1][-]{section.5.3}{Diagramas de casos de uso}{chapter.5}% 66
\BOOKMARK [2][-]{subsection.5.3.1}{CU1 Registrar psic\363logo}{section.5.3}% 67
\BOOKMARK [3][-]{subsubsection.5.3.1.1}{Descripci\363n completa}{subsection.5.3.1}% 68
\BOOKMARK [3][-]{subsubsection.5.3.1.2}{Atributos importantes}{subsection.5.3.1}% 69
\BOOKMARK [3][-]{subsubsection.5.3.1.3}{Trayectorias del Caso de Uso}{subsection.5.3.1}% 70
\BOOKMARK [2][-]{subsection.5.3.2}{CU2 Editar informaci\363n del psic\363logo}{section.5.3}% 71
\BOOKMARK [3][-]{subsubsection.5.3.2.1}{Descripci\363n completa}{subsection.5.3.2}% 72
\BOOKMARK [3][-]{subsubsection.5.3.2.2}{Atributos importantes}{subsection.5.3.2}% 73
\BOOKMARK [3][-]{subsubsection.5.3.2.3}{Trayectorias del Caso de Uso}{subsection.5.3.2}% 74
\BOOKMARK [2][-]{subsection.5.3.3}{CU3 Registrar paciente}{section.5.3}% 75
\BOOKMARK [3][-]{subsubsection.5.3.3.1}{Descripci\363n completa}{subsection.5.3.3}% 76
\BOOKMARK [3][-]{subsubsection.5.3.3.2}{Atributos importantes}{subsection.5.3.3}% 77
\BOOKMARK [3][-]{subsubsection.5.3.3.3}{Trayectorias del Caso de Uso}{subsection.5.3.3}% 78
\BOOKMARK [2][-]{subsection.5.3.4}{CU4 Editar informaci\363n del paciente}{section.5.3}% 79
\BOOKMARK [3][-]{subsubsection.5.3.4.1}{Descripci\363n completa}{subsection.5.3.4}% 80
\BOOKMARK [3][-]{subsubsection.5.3.4.2}{Atributos importantes}{subsection.5.3.4}% 81
\BOOKMARK [3][-]{subsubsection.5.3.4.3}{Trayectorias del Caso de Uso}{subsection.5.3.4}% 82
\BOOKMARK [2][-]{subsection.5.3.5}{CU6 Buscar paciente}{section.5.3}% 83
\BOOKMARK [3][-]{subsubsection.5.3.5.1}{Descripci\363n completa}{subsection.5.3.5}% 84
\BOOKMARK [3][-]{subsubsection.5.3.5.2}{Atributos importantes}{subsection.5.3.5}% 85
\BOOKMARK [3][-]{subsubsection.5.3.5.3}{Trayectorias del Caso de Uso}{subsection.5.3.5}% 86
\BOOKMARK [2][-]{subsection.5.3.6}{CU11 Buscar Cuestionario}{section.5.3}% 87
\BOOKMARK [3][-]{subsubsection.5.3.6.1}{Descripci\363n completa}{subsection.5.3.6}% 88
\BOOKMARK [3][-]{subsubsection.5.3.6.2}{Atributos importantes}{subsection.5.3.6}% 89
\BOOKMARK [3][-]{subsubsection.5.3.6.3}{Trayectorias del Caso de Uso}{subsection.5.3.6}% 90
